<?xml version="1.0" encoding="UTF-8"?>
<!-- Generated by org.testng.reporters.JUnitReportReporter -->
<testsuite hostname="FVFHXG3KQ6LR" failures="0" tests="1" name="com.wipro.testCases.TC01" time="8.891" errors="0" timestamp="2023-06-04T11:55:56 IST" skipped="0">
  <testcase classname="com.wipro.testCases.TC01" name="testRegistrationFunctionality" time="8.891"/>
  <system-out/>
</testsuite> <!-- com.wipro.testCases.TC01 -->
