<?xml version="1.0" encoding="UTF-8"?>
<!-- Generated by org.testng.reporters.JUnitReportReporter -->
<testsuite hostname="FVFHXG3KQ6LR" failures="0" tests="2" name="com.wipro.testCases.TC02" time="10.126" errors="0" timestamp="2023-06-04T11:55:56 IST" skipped="0">
  <testcase classname="com.wipro.testCases.TC02" name="testLoginFunctionality" time="4.872"/>
  <system-out/>
  <testcase classname="com.wipro.testCases.TC02" name="addNewAddressFunctionality" time="5.254"/>
  <system-out/>
</testsuite> <!-- com.wipro.testCases.TC02 -->
