<?xml version="1.0" encoding="UTF-8"?>
<!-- Generated by org.testng.reporters.JUnitReportReporter -->
<testsuite hostname="FVFHXG3KQ6LR" failures="0" tests="1" name="Runner" time="19.536" errors="0" timestamp="2023-06-04T11:55:56 IST" skipped="0">
  <testcase classname="Runner" name="runScenario" time="19.536"/>
  <system-out/>
</testsuite> <!-- Runner -->
